<?xml version="1.0" encoding="UTF-8"?>
<testng-results ignored="0" total="1" passed="1" failed="0" skipped="0">
  <reporter-output>
  </reporter-output>
  <suite started-at="2022-01-25T19:28:21Z" name="Suite" finished-at="2022-01-25T19:31:08Z" duration-ms="166490">
    <groups>
      <group name="cucumber">
        <method signature="AbstractTestNGCucumberTests.feature(cucumber.api.testng.CucumberFeatureWrapper)[pri:0, instance:com.syntax.runners.TestRunner@7aaca91a]" name="feature" class="cucumber.api.testng.AbstractTestNGCucumberTests"/>
      </group> <!-- cucumber -->
    </groups>
    <test started-at="2022-01-25T19:28:21Z" name="Test" finished-at="2022-01-25T19:31:08Z" duration-ms="166490">
      <class name="com.syntax.runners.TestRunner">
        <test-method is-config="true" signature="setUpClass()[pri:0, instance:com.syntax.runners.TestRunner@7aaca91a]" started-at="2022-01-25T19:28:21Z" name="setUpClass" finished-at="2022-01-25T19:28:23Z" duration-ms="1360" status="PASS">
          <reporter-output>
          </reporter-output>
        </test-method> <!-- setUpClass -->
        <test-method signature="feature(cucumber.api.testng.CucumberFeatureWrapper)[pri:0, instance:com.syntax.runners.TestRunner@7aaca91a]" started-at="2022-01-25T19:28:23Z" name="feature" description="Runs Cucumber Feature" data-provider="features" finished-at="2022-01-25T19:31:07Z" duration-ms="164379" status="PASS">
          <params>
            <param index="0">
              <value>
                <![CDATA[Login feature]]>
              </value>
            </param>
          </params>
          <reporter-output>
          </reporter-output>
        </test-method> <!-- feature -->
        <test-method is-config="true" signature="tearDownClass()[pri:0, instance:com.syntax.runners.TestRunner@7aaca91a]" started-at="2022-01-25T19:31:07Z" name="tearDownClass" finished-at="2022-01-25T19:31:08Z" duration-ms="158" status="PASS">
          <reporter-output>
          </reporter-output>
        </test-method> <!-- tearDownClass -->
      </class> <!-- com.syntax.runners.TestRunner -->
    </test> <!-- Test -->
  </suite> <!-- Suite -->
</testng-results>
